app/build/outputs/mapping/release/seeds.txt
com.drdisagree.pinkbean.SubstratumLauncher: SubstratumLauncher()
com.drdisagree.pinkbean.SubstratumLauncher
...
com.github.javiersantos.piracychecker.R$attr: int borderWidth
com.github.javiersantos.piracychecker.R$styleable: int AppCompatTextHelper_android_textAppearance
androidx.appcompat.R$styleable: int AnimatedStateListDrawableTransition_android_reversible
com.google.android.material.shape.EdgeTreatment: EdgeTreatment()
com.google.android.material.R$styleable: int TabLayout_tabIndicatorFullWidth
androidx.coordinatorlayout.widget.CoordinatorLayout
androidx.appcompat.R$style: int Base_Animation_AppCompat_Dialog
androidx.appcompat.R$id: int left
com.google.android.material.R$style: int Widget_MaterialComponents_Button_TextButton_Icon
androidx.appcompat.R$dimen: int compat_button_padding_vertical_material
com.google.android.material.R$attr: int rippleColor
androidx.appcompat.R$style: int Widget_AppCompat_ActionBar_TabView
com.google.android.material.R$attr: int textAppearancePopupMenuHeader
com.google.android.material.floatingactionbutton.FloatingActionButton: void setSupportBackgroundTintMode(android.graphics.PorterDuff$Mode)
androidx.appcompat.R$styleable: int GradientColor_android_centerX
com.github.javiersantos.piracychecker.R$id: int left
com.google.android.material.chip.Chip: void setChipIconSizeResource(int)
com.google.android.material.R$id: int icon
androidx.appcompat.widget.AppCompatImageButton: android.graphics.PorterDuff$Mode getSupportImageTintMode()
com.github.javiersantos.piracychecker.ExtensionsKt$onError$1
com.google.android.material.shape.ShapePath: ShapePath()
com.google.android.material.R$id: int list_item
com.google.android.material.R$id: int expand_activities_button
androidx.appcompat.R$attr: int searchIcon
com.github.javiersantos.piracychecker.R$drawable: int abc_text_select_handle_middle_mtrl_dark
com.github.javiersantos.piracychecker.R$style: int Theme_AppCompat_Light
com.google.android.material.R$styleable: int TextAppearance_android_shadowDy
com.github.javiersantos.piracychecker.R$string: int abc_font_family_button_material
com.google.android.material.R$style: int Widget_AppCompat_ListPopupWindow
com.github.javiersantos.piracychecker.R$attr: int actionBarStyle
androidx.vectordrawable.graphics.drawable.VectorDrawableCompat$VPath: void setPathData(androidx.core.graphics.PathParser$PathDataNode[])
com.google.android.material.tabs.TabLayout: void setSelectedTabIndicator(android.graphics.drawable.Drawable)
com.github.javiersantos.piracychecker.R$id: int action_bar_root
com.github.javiersantos.piracychecker.R$style: int Widget_MaterialComponents_Button_TextButton_Icon
androidx.lifecycle.SingleGeneratedAdapterObserver
androidx.appcompat.R$color: int notification_icon_bg_color
com.google.android.material.chip.Chip: float getCloseIconEndPadding()
androidx.appcompat.R$attr: int trackTint
com.github.javiersantos.piracychecker.R$styleable: int[] BottomNavigationView
com.google.android.material.button.MaterialButton$IconGravity
androidx.appcompat.widget.AppCompatMultiAutoCompleteTextView: void setSupportBackgroundTintMode(android.graphics.PorterDuff$Mode)
com.github.javiersantos.piracychecker.R$layout: int mtrl_layout_snackbar
com.google.android.material.R$style: int RtlOverlay_Widget_AppCompat_ActionBar_TitleItem
androidx.appcompat.R$style: int Base_Widget_AppCompat_ActionBar_TabText
com.github.javiersantos.piracychecker.callbacks.PiracyCheckerCallback: PiracyCheckerCallback()
com.google.android.material.R$dimen: int notification_large_icon_width
com.github.javiersantos.piracychecker.R$style: int Theme_MaterialComponents_Bridge
androidx.transition.R$id: int blocking
com.google.android.material.R$drawable: int abc_list_divider_material
com.github.javiersantos.piracychecker.R$attr: int colorSwitchThumbNormal
androidx.appcompat.widget.AppCompatImageView: void setSupportImageTintList(android.content.res.ColorStateList)
com.google.android.material.R$color: int abc_search_url_text_selected
com.google.android.material.chip.Chip: void setBackgroundColor(int)
com.github.javiersantos.piracychecker.R$layout: R$layout()