app/build/outputs/mapping/release/mapping.txt
# compiler: R8
# compiler_version: 2.0.74
# min_api: 28
# pg_map_id: 891553a
# common_typos_disable
com.drdisagree.pinkbean.AdvancedConstants -> com.drdisagree.pinkbean.a:
    com.drdisagree.pinkbean.AdvancedConstants INSTANCE -> d
    java.lang.String[] BLACKLISTED_APPLICATIONS -> a
    java.lang.String[] OTHER_THEME_SYSTEMS -> c
    java.lang.String[] ORGANIZATION_THEME_SYSTEMS -> b
    java.lang.String[] getBLACKLISTED_APPLICATIONS() -> a
    java.lang.String[] getORGANIZATION_THEME_SYSTEMS() -> b
    java.lang.String[] getOTHER_THEME_SYSTEMS() -> c
com.drdisagree.pinkbean.BuildConfig -> com.drdisagree.pinkbean.b:
    byte[] IV_KEY -> b
    byte[] DECRYPTION_KEY -> a
com.drdisagree.pinkbean.SubstratumLauncher -> com.drdisagree.pinkbean.SubstratumLauncher:
    java.lang.String receiveKeysIntent -> g
    java.lang.String getKeysIntent -> f
    kotlin.Lazy themePiracyCheck$delegate -> h
    com.anjlab.android.iab.v3.BillingProcessor bp -> b
    kotlin.reflect.KProperty[] $$delegatedProperties -> i
    boolean debug -> c
    java.lang.String substratumIntentData -> e
    java.lang.String tag -> d
    void onBillingInitialized() -> a
    void onProductPurchased(java.lang.String,com.anjlab.android.iab.v3.TransactionDetails) -> b
    void onBillingError(int,java.lang.Throwable) -> c
    void onPurchaseHistoryRestored() -> d
    java.lang.String access$getGetKeysIntent$p(com.drdisagree.pinkbean.SubstratumLauncher) -> e
    java.lang.String access$getReceiveKeysIntent$p(com.drdisagree.pinkbean.SubstratumLauncher) -> f
    java.lang.String access$getSubstratumIntentData$p(com.drdisagree.pinkbean.SubstratumLauncher) -> g
    boolean access$getThemePiracyCheck$p(com.drdisagree.pinkbean.SubstratumLauncher) -> h
    void access$startAntiPiracyCheck(com.drdisagree.pinkbean.SubstratumLauncher) -> i
    void access$storeDialogStatus(com.drdisagree.pinkbean.SubstratumLauncher,boolean) -> j
    boolean getDialogStatus() -> k
    boolean getThemePiracyCheck() -> l
    void showDialog() -> m
    void startAntiPiracyCheck() -> n
    void storeDialogStatus(boolean) -> o
com.drdisagree.pinkbean.SubstratumLauncher$showDialog$1 -> com.drdisagree.pinkbean.SubstratumLauncher$a:
    com.drdisagree.pinkbean.SubstratumLauncher this$0 -> b
com.drdisagree.pinkbean.SubstratumLauncher$showDialog$2 -> com.drdisagree.pinkbean.SubstratumLauncher$b:
    com.drdisagree.pinkbean.SubstratumLauncher this$0 -> b
com.drdisagree.pinkbean.SubstratumLauncher$showDialog$3 -> com.drdisagree.pinkbean.SubstratumLauncher$c:
    com.drdisagree.pinkbean.SubstratumLauncher this$0 -> a
com.drdisagree.pinkbean.SubstratumLauncher$startAntiPiracyCheck$1 -> com.drdisagree.pinkbean.SubstratumLauncher$d:
    com.drdisagree.pinkbean.SubstratumLauncher this$0 -> b
    java.lang.Object invoke(java.lang.Object) -> d
    void invoke(com.github.javiersantos.piracychecker.PiracyChecker) -> e
com.drdisagree.pinkbean.SubstratumLauncher$startAntiPiracyCheck$1$1 -> com.drdisagree.pinkbean.SubstratumLauncher$d$a:
    com.github.javiersantos.piracychecker.PiracyChecker $this_piracyChecker -> c
    com.drdisagree.pinkbean.SubstratumLauncher$startAntiPiracyCheck$1 this$0 -> b
    java.lang.Object invoke(java.lang.Object) -> d
    void invoke(com.github.javiersantos.piracychecker.callbacks.PiracyCheckerCallbacksDSL) -> e
com.drdisagree.pinkbean.SubstratumLauncher$startAntiPiracyCheck$1$1$$special$$inlined$allow$1 -> com.drdisagree.pinkbean.SubstratumLauncher$d$a$a:
    com.drdisagree.pinkbean.SubstratumLauncher$startAntiPiracyCheck$1$1 this$0 -> a
    void allow() -> c
com.drdisagree.pinkbean.SubstratumLauncher$startAntiPiracyCheck$1$1$$special$$inlined$doNotAllow$1 -> com.drdisagree.pinkbean.SubstratumLauncher$d$a$b:
    com.drdisagree.pinkbean.SubstratumLauncher$startAntiPiracyCheck$1$1 this$0 -> a
    void doNotAllow(com.github.javiersantos.piracychecker.enums.PiracyCheckerError,com.github.javiersantos.piracychecker.enums.PirateApp) -> a
...
androidx.appcompat.view.menu.StandardMenuPopup -> androidx.appcompat.view.menu.t:
    androidx.appcompat.view.menu.MenuPresenter$Callback mPresenterCallback -> p
    android.content.Context mContext -> c
    androidx.appcompat.view.menu.MenuBuilder mMenu -> d
    android.widget.PopupWindow$OnDismissListener mOnDismissListener -> m
    int mPopupStyleAttr -> h
    int mPopupStyleRes -> i
    android.view.ViewTreeObserver mTreeObserver -> q
    int mPopupMaxWidth -> g
    boolean mShowTitle -> v
    boolean mWasDismissed -> r
    boolean mHasContentWidth -> s
    androidx.appcompat.widget.MenuPopupWindow mPopup -> j
    android.view.View$OnAttachStateChangeListener mAttachStateChangeListener -> l
    android.view.View mShownAnchorView -> o
    android.view.View mAnchorView -> n
    android.view.ViewTreeObserver$OnGlobalLayoutListener mGlobalLayoutListener -> k
    int ITEM_LAYOUT -> w
    boolean mOverflowOnly -> f
    int mContentWidth -> t
    int mDropDownGravity -> u
    androidx.appcompat.view.menu.MenuAdapter mAdapter -> e
    boolean tryShow() -> C
    void show() -> a
    void onCloseMenu(androidx.appcompat.view.menu.MenuBuilder,boolean) -> b
    boolean isShowing() -> c
    android.widget.ListView getListView() -> e
    void setCallback(androidx.appcompat.view.menu.MenuPresenter$Callback) -> g
    boolean onSubMenuSelected(androidx.appcompat.view.menu.SubMenuBuilder) -> h
    boolean flagActionItems() -> i
    android.os.Parcelable onSaveInstanceState() -> j
androidx.appcompat.view.menu.StandardMenuPopup$1 -> androidx.appcompat.view.menu.t$a:
    androidx.appcompat.view.menu.StandardMenuPopup this$0 -> b
androidx.appcompat.view.menu.StandardMenuPopup$2 -> androidx.appcompat.view.menu.t$b:
    androidx.appcompat.view.menu.StandardMenuPopup this$0 -> b
androidx.appcompat.view.menu.SubMenuBuilder -> androidx.appcompat.view.menu.u:
    androidx.appcompat.view.menu.MenuBuilder mParentMenu -> B
    androidx.appcompat.view.menu.MenuItemImpl mItem -> C
    androidx.appcompat.view.menu.MenuBuilder getRootMenu() -> F
    boolean isGroupDividerEnabled() -> H
    boolean isQwertyMode() -> I
    boolean isShortcutsVisible() -> J
    void setCallback(androidx.appcompat.view.menu.MenuBuilder$Callback) -> V
    boolean collapseItemActionView(androidx.appcompat.view.menu.MenuItemImpl) -> f
    boolean dispatchMenuItemSelected(androidx.appcompat.view.menu.MenuBuilder,android.view.MenuItem) -> h
    android.view.Menu getParentMenu() -> i0
    boolean expandItemActionView(androidx.appcompat.view.menu.MenuItemImpl) -> m
    java.lang.String getActionViewStatesKey() -> v
androidx.appcompat.view.menu.SubMenuWrapperICS -> androidx.appcompat.view.menu.v:
    androidx.core.internal.view.SupportSubMenu getWrappedObject() -> h
androidx.appcompat.widget.AbsActionBarView -> androidx.appcompat.widget.a:
    androidx.appcompat.widget.AbsActionBarView$VisibilityAnimListener mVisAnimListener -> b
    android.content.Context mPopupContext -> c
    androidx.appcompat.widget.ActionMenuView mMenuView -> d
    boolean mEatingHover -> i
    androidx.appcompat.widget.ActionMenuPresenter mActionMenuPresenter -> e
    int mContentHeight -> f
    androidx.core.view.ViewPropertyAnimatorCompat mVisibilityAnim -> g
    boolean mEatingTouch -> h
    void access$001(androidx.appcompat.widget.AbsActionBarView,int) -> a
    void access$101(androidx.appcompat.widget.AbsActionBarView,int) -> b
    int measureChildView(android.view.View,int,int,int) -> c
    int next(int,int,boolean) -> d
    int positionChild(android.view.View,int,int,int,boolean) -> e
    androidx.core.view.ViewPropertyAnimatorCompat setupAnimatorToVisibility(int,long) -> f