app/build/outputs/mapping/release/usage.txt
com.drdisagree.pinkbean.R
com.drdisagree.pinkbean.R$string
com.drdisagree.pinkbean.R$styleable
com.drdisagree.pinkbean.R$layout
com.drdisagree.pinkbean.R$drawable
com.drdisagree.pinkbean.R$color
com.drdisagree.pinkbean.R$animator
com.drdisagree.pinkbean.R$bool
com.drdisagree.pinkbean.R$id
com.drdisagree.pinkbean.SubstratumLauncher$startAntiPiracyCheck$1$1$$special$$inlined$doNotAllow$1:
    public void dontAllow(com.github.javiersantos.piracychecker.enums.PiracyCheckerError,com.github.javiersantos.piracychecker.enums.PirateApp)
com.drdisagree.pinkbean.R$mipmap
com.drdisagree.pinkbean.R$style
com.drdisagree.pinkbean.AdvancedConstants:
    public static final boolean SHOW_LAUNCH_DIALOG
    public static final boolean SHOW_DIALOG_REPEATEDLY
com.drdisagree.pinkbean.R$array
com.drdisagree.pinkbean.R$interpolator
com.drdisagree.pinkbean.BuildConfig:
    public void <init>()
    public static final boolean DEBUG
    public static final java.lang.String APPLICATION_ID
    public static final java.lang.String BUILD_TYPE
    public static final int VERSION_CODE
    public static final java.lang.String VERSION_NAME
    public static final java.lang.String APK_SIGNATURE_PRODUCTION
    public static final java.lang.String BASE_64_LICENSE_KEY
    public static final boolean ENFORCE_GOOGLE_PLAY_INSTALL
    public static final boolean ALLOW_THIRD_PARTY_SUBSTRATUM_BUILDS
    public static final boolean ENABLE_APP_BLACKLIST_CHECK
    public static final boolean SUPPORTS_THIRD_PARTY_SYSTEMS
com.drdisagree.pinkbean.R$attr
com.drdisagree.pinkbean.R$anim
com.drdisagree.pinkbean.ThemeFunctions:
    public final boolean checkApprovedSignature(android.content.Context,java.lang.String)
com.drdisagree.pinkbean.R$dimen
com.drdisagree.pinkbean.R$integer
com.drdisagree.pinkbean.ThemeFunctions:
    private static final android.content.pm.Signature[] SIGNATURES
...
androidx.transition.Slide$CalculateSlide
androidx.core.view.accessibility.AccessibilityWindowInfoCompat
androidx.appcompat.widget.PopupMenu
androidx.appcompat.view.menu.CascadingMenuPopup:
    static final int HORIZ_POSITION_LEFT
    static final int HORIZ_POSITION_RIGHT
    static final int SUBMENU_TIMEOUT_MS
kotlin.text.Typography
kotlin.ULongArray
androidx.core.provider.FontsContractCompat$4$6
com.android.billingclient.api.PurchaseApiResponseChecker
androidx.appcompat.content.res.AppCompatResources:
    private void <init>()
    private static final java.lang.String LOG_TAG
com.android.billingclient.api.BillingClientImpl$6
kotlin.jvm.functions.Function20
androidx.annotation.RequiresApi
kotlin.jvm.internal.LocalVariableReference
androidx.core.app.NotificationCompat$DecoratedCustomViewStyle
androidx.transition.R$dimen
androidx.viewpager.R$color
kotlin.internal.AccessibleLateinitPropertyLiteral
kotlin.jvm.internal.ShortSpreadBuilder
androidx.recyclerview.widget.AsyncListUtil$2
androidx.recyclerview.widget.AsyncDifferConfig$Builder
androidx.appcompat.widget.ActionBarOverlayLayout$LayoutParams:
    public void <init>(android.view.ViewGroup$MarginLayoutParams)
androidx.appcompat.view.menu.MenuView$ItemView:
    public abstract void setTitle(java.lang.CharSequence)
    public abstract void setEnabled(boolean)
    public abstract void setCheckable(boolean)
    public abstract void setChecked(boolean)
    public abstract void setShortcut(boolean,char)
    public abstract void setIcon(android.graphics.drawable.Drawable)
    public abstract boolean showsIcon()
androidx.transition.ChangeTransform$2
kotlin.collections.AbstractMap$keys$1$iterator$1
androidx.loader.content.ModernAsyncTask$AsyncTaskResult
kotlin.jvm.internal.BooleanCompanionObject
com.github.javiersantos.licensing.LibraryChecker$ResultListener:
    private static final int ERROR_CONTACTING_SERVER
    private static final int ERROR_INVALID_PACKAGE_NAME
    private static final int ERROR_NON_MATCHING_UID
com.google.android.material.internal.ScrimInsetsFrameLayout$1:
    void <init>(com.google.android.material.internal.ScrimInsetsFrameLayout)
androidx.vectordrawable.graphics.drawable.Animatable2Compat$AnimationCallback
kotlin.sequences.SequencesKt__SequencesKt$generateSequence$2
kotlin.streams.jdk8.StreamsKt$asSequence$$inlined$Sequence$1
kotlin.reflect.KType
androidx.core.view.ViewConfigurationCompat:
    public static int getScaledPagingTouchSlop(android.view.ViewConfiguration)
    public static boolean hasPermanentMenuKey(android.view.ViewConfiguration)
    private void <init>()
    private static final java.lang.String TAG
kotlin.UIntArrayKt
androidx.transition.Slide$1
androidx.legacy.coreutils.R$drawable
androidx.annotation.DimenRes
androidx.fragment.R$layout
androidx.core.app.NotificationCompat$MessagingStyle
androidx.appcompat.app.ActionBar$LayoutParams:
    public void <init>(int,int,int)
    public void <init>(int)
kotlin.coroutines.experimental.migration.ExperimentalContextMigration
kotlin.native.concurrent.SharedImmutable
androidx.recyclerview.widget.RecyclerView$EdgeEffectFactory$EdgeDirection
androidx.loader.R$drawable
androidx.recyclerview.widget.SnapHelper
kotlin.io.FileTreeWalk$WalkState
com.google.android.material.expandable.ExpandableWidgetHelper:
    public void <init>(com.google.android.material.expandable.ExpandableWidget)
    public boolean setExpanded(boolean)
kotlin.coroutines.experimental.migration.ExperimentalContextMigration$Key